
> ai-notebook-client@0.0.0 dev
> vite


  VITE v5.4.19  ready in 133 ms

  ➜  Local:   http://localhost:3000/
  ➜  Network: use --host to expose
13:23:47 [vite] hmr update /src/components/Layout.jsx, /src/index.css
13:25:27 [vite] hmr update /src/components/Layout.jsx, /src/index.css
14:30:58 [vite] hmr update /src/components/Layout.jsx, /src/index.css
14:30:58 [vite] hmr update /src/components/Layout.jsx, /src/index.css
14:34:11 [vite] hmr update /src/components/CalendarWidget.jsx, /src/index.css
14:34:11 [vite] hmr update /src/components/CalendarWidget.jsx, /src/index.css
14:46:12 [vite] hmr update /src/components/CalendarWidget.jsx, /src/index.css
14:50:31 [vite] hmr update /src/components/CalendarWidget.jsx, /src/index.css
14:52:43 [vite] hmr update /src/components/Layout.jsx, /src/index.css
14:52:43 [vite] hmr update /src/components/Layout.jsx, /src/index.css
14:52:51 [vite] hmr update /src/components/CalendarWidget.jsx, /src/index.css
14:53:22 [vite] hmr update /src/components/Layout.jsx, /src/index.css
14:54:21 [vite] hmr update /src/pages/ProjectManagementPage.jsx, /src/index.css
14:54:35 [vite] hmr update /src/pages/ProjectManagementPage.jsx, /src/index.css
14:54:56 [vite] hmr update /src/pages/ProjectManagementPage.jsx, /src/index.css
14:55:21 [vite] hmr update /src/pages/ProjectManagementPage.jsx, /src/index.css
14:55:21 [vite] hmr update /src/pages/ProjectManagementPage.jsx, /src/index.css
14:56:40 [vite] hmr update /src/pages/ProjectManagementPage.jsx, /src/index.css
14:59:01 [vite] hmr update /src/pages/ProjectManagementPage.jsx, /src/index.css
14:59:01 [vite] hmr update /src/pages/ProjectManagementPage.jsx, /src/index.css
15:00:04 [vite] hmr update /src/pages/ProjectManagementPage.jsx, /src/index.css
15:00:05 [vite] hmr update /src/pages/ProjectManagementPage.jsx, /src/index.css
15:01:49 [vite] hmr update /src/pages/ProjectManagementPage.jsx, /src/index.css
15:01:50 [vite] hmr update /src/pages/ProjectManagementPage.jsx, /src/index.css
15:02:19 [vite] hmr update /src/pages/ProjectManagementPage.jsx, /src/index.css
15:02:20 [vite] hmr update /src/pages/ProjectManagementPage.jsx, /src/index.css
15:03:05 [vite] hmr update /src/pages/ProjectManagementPage.jsx, /src/index.css
15:03:06 [vite] hmr update /src/pages/ProjectManagementPage.jsx, /src/index.css
